This is pdfTeX, Version 3.14159265-2.6-1.40.21 (MiKTeX 2.9.7300 64-bit) (preloaded format=pdflatex 2020.2.22)  23 JUN 2020 14:38
entering extended mode
**./template.tex
(template.tex
LaTeX2e <2020-02-02> patch level 3
L3 programming layer <2020-02-14>
("C:\Users\ACE-Desktop\AppData\Local\Programs\MiKTeX 2.9\tex/latex/base\article
.cls"
Document Class: article 2019/12/20 v1.4l Standard LaTeX document class

("C:\Users\ACE-Desktop\AppData\Local\Programs\MiKTeX 2.9\tex/latex/base\size10.
clo"
File: size10.clo 2019/12/20 v1.4l Standard LaTeX file (size option)
)
\c@part=\count167
\c@section=\count168
\c@subsection=\count169
\c@subsubsection=\count170
\c@paragraph=\count171
\c@subparagraph=\count172
\c@figure=\count173
\c@table=\count174
\abovecaptionskip=\skip47
\belowcaptionskip=\skip48
\bibindent=\dimen134
) (arxiv.sty
("C:\Users\ACE-Desktop\AppData\Local\Programs\MiKTeX 2.9\tex/latex/geometry\geo
metry.sty"
Package: geometry 2020/01/02 v5.9 Page Geometry

("C:\Users\ACE-Desktop\AppData\Local\Programs\MiKTeX 2.9\tex/latex/graphics\key
val.sty"
Package: keyval 2014/10/28 v1.15 key=value parser (DPC)
\KV@toks@=\toks14
)
("C:\Users\ACE-Desktop\AppData\Local\Programs\MiKTeX 2.9\tex/generic/iftex\ifvt
ex.sty"
Package: ifvtex 2019/10/25 v1.7 ifvtex legacy package. Use iftex instead.

("C:\Users\ACE-Desktop\AppData\Local\Programs\MiKTeX 2.9\tex/generic/iftex\ifte
x.sty"
Package: iftex 2019/11/07 v1.0c TeX engine tests
))
\Gm@cnth=\count175
\Gm@cntv=\count176
\c@Gm@tempcnt=\count177
\Gm@bindingoffset=\dimen135
\Gm@wd@mp=\dimen136
\Gm@odd@mp=\dimen137
\Gm@even@mp=\dimen138
\Gm@layoutwidth=\dimen139
\Gm@layoutheight=\dimen140
\Gm@layouthoffset=\dimen141
\Gm@layoutvoffset=\dimen142
\Gm@dimlist=\toks15

("C:\Users\ACE-Desktop\AppData\Local\Programs\MiKTeX 2.9\tex/latex/geometry\geo
metry.cfg"))
("C:\Users\ACE-Desktop\AppData\Local\Programs\MiKTeX 2.9\tex/latex/fancyhdr\fan
cyhdr.sty"
Package: fancyhdr 2019/01/31 v3.10 Extensive control of page headers and footer
s
\f@nch@headwidth=\skip49
\f@nch@O@elh=\skip50
\f@nch@O@erh=\skip51
\f@nch@O@olh=\skip52
\f@nch@O@orh=\skip53
\f@nch@O@elf=\skip54
\f@nch@O@erf=\skip55
\f@nch@O@olf=\skip56
\f@nch@O@orf=\skip57
)
\@abovecaptionskip=\skip58
\@belowcaptionskip=\skip59
)
("C:\Users\ACE-Desktop\AppData\Local\Programs\MiKTeX 2.9\tex/latex/base\inputen
c.sty"
Package: inputenc 2018/08/11 v1.3c Input encoding file
\inpenc@prehook=\toks16
\inpenc@posthook=\toks17
)
("C:\Users\ACE-Desktop\AppData\Local\Programs\MiKTeX 2.9\tex/latex/base\fontenc
.sty"
Package: fontenc 2020/02/11 v2.0o Standard LaTeX package
LaTeX Font Info:    Trying to load font information for T1+ptm on input line 11
2.

("C:\Users\ACE-Desktop\AppData\Local\Programs\MiKTeX 2.9\tex/latex/psnfss\t1ptm
.fd"
File: t1ptm.fd 2001/06/04 font definitions for T1/ptm.
))
("C:\Users\ACE-Desktop\AppData\Local\Programs\MiKTeX 2.9\tex/latex/hyperref\hyp
erref.sty"
Package: hyperref 2020/01/14 v7.00d Hypertext links for LaTeX

("C:\Users\ACE-Desktop\AppData\Local\Programs\MiKTeX 2.9\tex/generic/ltxcmds\lt
xcmds.sty"
Package: ltxcmds 2019/12/15 v1.24 LaTeX kernel commands for general use (HO)
)
("C:\Users\ACE-Desktop\AppData\Local\Programs\MiKTeX 2.9\tex/latex/pdftexcmds\p
dftexcmds.sty"
Package: pdftexcmds 2019/11/24 v0.31 Utility functions of pdfTeX for LuaTeX (HO
)

("C:\Users\ACE-Desktop\AppData\Local\Programs\MiKTeX 2.9\tex/generic/infwarerr\
infwarerr.sty"
Package: infwarerr 2019/12/03 v1.5 Providing info/warning/error messages (HO)
)
Package pdftexcmds Info: \pdf@primitive is available.
Package pdftexcmds Info: \pdf@ifprimitive is available.
Package pdftexcmds Info: \pdfdraftmode found.
)
("C:\Users\ACE-Desktop\AppData\Local\Programs\MiKTeX 2.9\tex/generic/kvsetkeys\
kvsetkeys.sty"
Package: kvsetkeys 2019/12/15 v1.18 Key value parser (HO)
)
("C:\Users\ACE-Desktop\AppData\Local\Programs\MiKTeX 2.9\tex/generic/kvdefineke
ys\kvdefinekeys.sty"
Package: kvdefinekeys 2019-12-19 v1.6 Define keys (HO)
)
("C:\Users\ACE-Desktop\AppData\Local\Programs\MiKTeX 2.9\tex/generic/pdfescape\
pdfescape.sty"
Package: pdfescape 2019/12/09 v1.15 Implements pdfTeX's escape features (HO)
)
("C:\Users\ACE-Desktop\AppData\Local\Programs\MiKTeX 2.9\tex/latex/hycolor\hyco
lor.sty"
Package: hycolor 2020-01-27 v1.10 Color options for hyperref/bookmark (HO)
)
("C:\Users\ACE-Desktop\AppData\Local\Programs\MiKTeX 2.9\tex/latex/letltxmacro\
letltxmacro.sty"
Package: letltxmacro 2019/12/03 v1.6 Let assignment for LaTeX macros (HO)
)
("C:\Users\ACE-Desktop\AppData\Local\Programs\MiKTeX 2.9\tex/latex/auxhook\auxh
ook.sty"
Package: auxhook 2019-12-17 v1.6 Hooks for auxiliary files (HO)
)
("C:\Users\ACE-Desktop\AppData\Local\Programs\MiKTeX 2.9\tex/latex/kvoptions\kv
options.sty"
Package: kvoptions 2019/11/29 v3.13 Key value format for package options (HO)
)
\@linkdim=\dimen143
\Hy@linkcounter=\count178
\Hy@pagecounter=\count179

("C:\Users\ACE-Desktop\AppData\Local\Programs\MiKTeX 2.9\tex/latex/hyperref\pd1
enc.def"
File: pd1enc.def 2020/01/14 v7.00d Hyperref: PDFDocEncoding definition (HO)
Now handling font encoding PD1 ...
... no UTF-8 mapping file for font encoding PD1
)
("C:\Users\ACE-Desktop\AppData\Local\Programs\MiKTeX 2.9\tex/generic/intcalc\in
tcalc.sty"
Package: intcalc 2019/12/15 v1.3 Expandable calculations with integers (HO)
)
("C:\Users\ACE-Desktop\AppData\Local\Programs\MiKTeX 2.9\tex/generic/etexcmds\e
texcmds.sty"
Package: etexcmds 2019/12/15 v1.7 Avoid name clashes with e-TeX commands (HO)
)
\Hy@SavedSpaceFactor=\count180
Package hyperref Info: Hyper figures OFF on input line 4547.
Package hyperref Info: Link nesting OFF on input line 4552.
Package hyperref Info: Hyper index ON on input line 4555.
Package hyperref Info: Plain pages OFF on input line 4562.
Package hyperref Info: Backreferencing OFF on input line 4567.
Package hyperref Info: Implicit mode ON; LaTeX internals redefined.
Package hyperref Info: Bookmarks ON on input line 4800.
\c@Hy@tempcnt=\count181

("C:\Users\ACE-Desktop\AppData\Local\Programs\MiKTeX 2.9\tex/latex/url\url.sty"
\Urlmuskip=\muskip16
Package: url 2013/09/16  ver 3.4  Verb mode for urls, etc.
)
LaTeX Info: Redefining \url on input line 5159.
\XeTeXLinkMargin=\dimen144

("C:\Users\ACE-Desktop\AppData\Local\Programs\MiKTeX 2.9\tex/generic/bitset\bit
set.sty"
Package: bitset 2019/12/09 v1.3 Handle bit-vector datatype (HO)

("C:\Users\ACE-Desktop\AppData\Local\Programs\MiKTeX 2.9\tex/generic/bigintcalc
\bigintcalc.sty"
Package: bigintcalc 2019/12/15 v1.5 Expandable calculations on big integers (HO
)
))
\Fld@menulength=\count182
\Field@Width=\dimen145
\Fld@charsize=\dimen146
Package hyperref Info: Hyper figures OFF on input line 6430.
Package hyperref Info: Link nesting OFF on input line 6435.
Package hyperref Info: Hyper index ON on input line 6438.
Package hyperref Info: backreferencing OFF on input line 6445.
Package hyperref Info: Link coloring OFF on input line 6450.
Package hyperref Info: Link coloring with OCG OFF on input line 6455.
Package hyperref Info: PDF/A mode OFF on input line 6460.
LaTeX Info: Redefining \ref on input line 6500.
LaTeX Info: Redefining \pageref on input line 6504.

("C:\Users\ACE-Desktop\AppData\Local\Programs\MiKTeX 2.9\tex/generic/atbegshi\a
tbegshi.sty"
Package: atbegshi 2019/12/05 v1.19 At begin shipout hook (HO)
)
\Hy@abspage=\count183
\c@Item=\count184
\c@Hfootnote=\count185
)
Package hyperref Info: Driver (autodetected): hpdftex.

("C:\Users\ACE-Desktop\AppData\Local\Programs\MiKTeX 2.9\tex/latex/hyperref\hpd
ftex.def"
File: hpdftex.def 2020/01/14 v7.00d Hyperref driver for pdfTeX

("C:\Users\ACE-Desktop\AppData\Local\Programs\MiKTeX 2.9\tex/latex/atveryend\at
veryend.sty"
Package: atveryend 2019-12-11 v1.11 Hooks at the very end of document (HO)
Package atveryend Info: \enddocument detected (standard20110627).
)
\Fld@listcount=\count186
\c@bookmark@seq@number=\count187

("C:\Users\ACE-Desktop\AppData\Local\Programs\MiKTeX 2.9\tex/latex/rerunfileche
ck\rerunfilecheck.sty"
Package: rerunfilecheck 2019/12/05 v1.9 Rerun checks for auxiliary files (HO)

("C:\Users\ACE-Desktop\AppData\Local\Programs\MiKTeX 2.9\tex/generic/uniquecoun
ter\uniquecounter.sty"
Package: uniquecounter 2019/12/15 v1.4 Provide unlimited unique counter (HO)
)
Package uniquecounter Info: New unique counter `rerunfilecheck' on input line 2
86.
)
\Hy@SectionHShift=\skip60
)
("C:\Users\ACE-Desktop\AppData\Local\Programs\MiKTeX 2.9\tex/latex/booktabs\boo
ktabs.sty"
Package: booktabs 2020/01/12 v1.61803398 Publication quality tables
\heavyrulewidth=\dimen147
\lightrulewidth=\dimen148
\cmidrulewidth=\dimen149
\belowrulesep=\dimen150
\belowbottomsep=\dimen151
\aboverulesep=\dimen152
\abovetopsep=\dimen153
\cmidrulesep=\dimen154
\cmidrulekern=\dimen155
\defaultaddspace=\dimen156
\@cmidla=\count188
\@cmidlb=\count189
\@aboverulesep=\dimen157
\@belowrulesep=\dimen158
\@thisruleclass=\count190
\@lastruleclass=\count191
\@thisrulewidth=\dimen159
)
("C:\Users\ACE-Desktop\AppData\Local\Programs\MiKTeX 2.9\tex/latex/units\nicefr
ac.sty"
Package: nicefrac 1998/08/04 v0.9b Nice fractions
\L@UnitsRaiseDisplaystyle=\skip61
\L@UnitsRaiseTextstyle=\skip62
\L@UnitsRaiseScriptstyle=\skip63

("C:\Users\ACE-Desktop\AppData\Local\Programs\MiKTeX 2.9\tex/latex/base\ifthen.
sty"
Package: ifthen 2014/09/29 v1.1c Standard LaTeX ifthen package (DPC)
))
("C:\Users\ACE-Desktop\AppData\Local\Programs\MiKTeX 2.9\tex/latex/microtype\mi
crotype.sty"
Package: microtype 2019/11/18 v2.7d Micro-typographical refinements (RS)
\MT@toks=\toks18
\MT@count=\count192
LaTeX Info: Redefining \textls on input line 790.
\MT@outer@kern=\dimen160
LaTeX Info: Redefining \textmicrotypecontext on input line 1354.
\MT@listname@count=\count193

("C:\Users\ACE-Desktop\AppData\Local\Programs\MiKTeX 2.9\tex/latex/microtype\mi
crotype-pdftex.def"
File: microtype-pdftex.def 2019/11/18 v2.7d Definitions specific to pdftex (RS)

LaTeX Info: Redefining \lsstyle on input line 914.
LaTeX Info: Redefining \lslig on input line 914.
\MT@outer@space=\skip64
)
Package microtype Info: Loading configuration file microtype.cfg.

("C:\Users\ACE-Desktop\AppData\Local\Programs\MiKTeX 2.9\tex/latex/microtype\mi
crotype.cfg"
File: microtype.cfg 2019/11/18 v2.7d microtype main configuration file (RS)
))
("C:\Users\ACE-Desktop\AppData\Local\Programs\MiKTeX 2.9\tex/latex/lipsum\lipsu
m.sty"
("C:\Users\ACE-Desktop\AppData\Local\Programs\MiKTeX 2.9\tex/latex/l3kernel\exp
l3.sty"
Package: expl3 2020-02-14 L3 programming layer (loader) 

("C:\Users\ACE-Desktop\AppData\Local\Programs\MiKTeX 2.9\tex/latex/l3backend\l3
backend-pdfmode.def"
File: l3backend-pdfmode.def 2020-02-03 L3 backend support: PDF mode
\l__kernel_color_stack_int=\count194
\l__pdf_internal_box=\box45
))
("C:\Users\ACE-Desktop\AppData\Local\Programs\MiKTeX 2.9\tex/latex/l3packages/x
parse\xparse.sty"
Package: xparse 2020-02-14 L3 Experimental document command parser
\l__xparse_current_arg_int=\count195
\g__xparse_grabber_int=\count196
\l__xparse_m_args_int=\count197
\l__xparse_v_nesting_int=\count198
)
Package: lipsum 2019/01/02 v2.2 150 paragraphs of Lorem Ipsum dummy text

("C:\Users\ACE-Desktop\AppData\Local\Programs\MiKTeX 2.9\tex/latex/lipsum\lipsu
m.ltd.tex"
File: lipsum.ltd.tex 2019/01/02 v2.2 The Lorem ipsum dummy text
))
("C:\Users\ACE-Desktop\AppData\Local\Programs\MiKTeX 2.9\tex/latex/graphics\gra
phicx.sty"
Package: graphicx 2019/11/30 v1.2a Enhanced LaTeX Graphics (DPC,SPQR)

("C:\Users\ACE-Desktop\AppData\Local\Programs\MiKTeX 2.9\tex/latex/graphics\gra
phics.sty"
Package: graphics 2019/11/30 v1.4a Standard LaTeX Graphics (DPC,SPQR)

("C:\Users\ACE-Desktop\AppData\Local\Programs\MiKTeX 2.9\tex/latex/graphics\tri
g.sty"
Package: trig 2016/01/03 v1.10 sin cos tan (DPC)
)
("C:\Users\ACE-Desktop\AppData\Local\Programs\MiKTeX 2.9\tex/latex/graphics-cfg
\graphics.cfg"
File: graphics.cfg 2016/06/04 v1.11 sample graphics configuration
)
Package graphics Info: Driver file: pdftex.def on input line 105.

("C:\Users\ACE-Desktop\AppData\Local\Programs\MiKTeX 2.9\tex/latex/graphics-def
\pdftex.def"
File: pdftex.def 2018/01/08 v1.0l Graphics/color driver for pdftex
))
\Gin@req@height=\dimen161
\Gin@req@width=\dimen162
)

Package hyperref Warning: Option `pdftex' has already been used,
(hyperref)                setting the option has no effect on input line 17.

Package hyperref Info: Option `colorlinks' set `true' on input line 17.

("C:\Users\ACE-Desktop\AppData\Local\Programs\MiKTeX 2.9\tex/latex/amsmath\amsm
ath.sty"
Package: amsmath 2020/01/20 v2.17e AMS math features
\@mathmargin=\skip65

For additional information on amsmath, use the `?' option.

("C:\Users\ACE-Desktop\AppData\Local\Programs\MiKTeX 2.9\tex/latex/amsmath\amst
ext.sty"
Package: amstext 2000/06/29 v2.01 AMS text

("C:\Users\ACE-Desktop\AppData\Local\Programs\MiKTeX 2.9\tex/latex/amsmath\amsg
en.sty"
File: amsgen.sty 1999/11/30 v2.0 generic functions
\@emptytoks=\toks19
\ex@=\dimen163
))
("C:\Users\ACE-Desktop\AppData\Local\Programs\MiKTeX 2.9\tex/latex/amsmath\amsb
sy.sty"
Package: amsbsy 1999/11/29 v1.2d Bold Symbols
\pmbraise@=\dimen164
)
("C:\Users\ACE-Desktop\AppData\Local\Programs\MiKTeX 2.9\tex/latex/amsmath\amso
pn.sty"
Package: amsopn 2016/03/08 v2.02 operator names
)
\inf@bad=\count199
LaTeX Info: Redefining \frac on input line 227.
\uproot@=\count266
\leftroot@=\count267
LaTeX Info: Redefining \overline on input line 389.
\classnum@=\count268
\DOTSCASE@=\count269
LaTeX Info: Redefining \ldots on input line 486.
LaTeX Info: Redefining \dots on input line 489.
LaTeX Info: Redefining \cdots on input line 610.
\Mathstrutbox@=\box46
\strutbox@=\box47
\big@size=\dimen165
LaTeX Font Info:    Redeclaring font encoding OML on input line 733.
LaTeX Font Info:    Redeclaring font encoding OMS on input line 734.
\macc@depth=\count270
\c@MaxMatrixCols=\count271
\dotsspace@=\muskip17
\c@parentequation=\count272
\dspbrk@lvl=\count273
\tag@help=\toks20
\row@=\count274
\column@=\count275
\maxfields@=\count276
\andhelp@=\toks21
\eqnshift@=\dimen166
\alignsep@=\dimen167
\tagshift@=\dimen168
\tagwidth@=\dimen169
\totwidth@=\dimen170
\lineht@=\dimen171
\@envbody=\toks22
\multlinegap=\skip66
\multlinetaggap=\skip67
\mathdisplay@stack=\toks23
LaTeX Info: Redefining \[ on input line 2859.
LaTeX Info: Redefining \] on input line 2860.
)
("C:\Users\ACE-Desktop\AppData\Local\Programs\MiKTeX 2.9\tex/latex/amsfonts\ams
symb.sty"
Package: amssymb 2013/01/14 v3.01 AMS font symbols

("C:\Users\ACE-Desktop\AppData\Local\Programs\MiKTeX 2.9\tex/latex/amsfonts\ams
fonts.sty"
Package: amsfonts 2013/01/14 v3.01 Basic AMSFonts support
\symAMSa=\mathgroup4
\symAMSb=\mathgroup5
LaTeX Font Info:    Redeclaring math symbol \hbar on input line 98.
LaTeX Font Info:    Overwriting math alphabet `\mathfrak' in version `bold'
(Font)                  U/euf/m/n --> U/euf/b/n on input line 106.
))
("C:\Users\ACE-Desktop\AppData\Local\Programs\MiKTeX 2.9\tex/latex/sttools\stfl
oats.sty"
Package: stfloats 2017/03/27 v3.3 Improve float mechanism and baselineskip sett
ings
\@dblbotnum=\count277
\c@dblbotnumber=\count278
)
("C:\Users\ACE-Desktop\AppData\Local\Programs\MiKTeX 2.9\tex/latex/algorithm2e\
algorithm2e.sty"
Package: algorithm2e 2017/07/18 v5.2 algorithms environments
\c@AlgoLine=\count279
\algocf@hangindent=\skip68

("C:\Users\ACE-Desktop\AppData\Local\Programs\MiKTeX 2.9\tex/latex/ifoddpage\if
oddpage.sty"
Package: ifoddpage 2016/04/23 v1.1 Conditionals for odd/even page detection
\c@checkoddpage=\count280
)
("C:\Users\ACE-Desktop\AppData\Local\Programs\MiKTeX 2.9\tex/latex/tools\xspace
.sty"
Package: xspace 2014/10/28 v1.13 Space after command names (DPC,MH)
)
("C:\Users\ACE-Desktop\AppData\Local\Programs\MiKTeX 2.9\tex/latex/relsize\rels
ize.sty"
Package: relsize 2013/03/29 ver 4.1
)
\skiptotal=\skip69
\skiplinenumber=\skip70
\skiprule=\skip71
\skiphlne=\skip72
\skiptext=\skip73
\skiplength=\skip74
\algomargin=\skip75
\skipalgocfslide=\skip76
\algowidth=\dimen172
\inoutsize=\dimen173
\inoutindent=\dimen174
\interspacetitleruled=\dimen175
\interspacealgoruled=\dimen176
\interspacetitleboxruled=\dimen177
\algocf@ruledwidth=\skip77
\algocf@inoutbox=\box48
\algocf@inputbox=\box49
\AlCapSkip=\skip78
\AlCapHSkip=\skip79
\algoskipindent=\skip80
\algocf@nlbox=\box50
\algocf@hangingbox=\box51
\algocf@untilbox=\box52
\algocf@skipuntil=\skip81
\algocf@capbox=\box53
\algocf@lcaptionbox=\skip82
\algoheightruledefault=\skip83
\algoheightrule=\skip84
\algotitleheightruledefault=\skip85
\algotitleheightrule=\skip86
\c@algocfline=\count281
\c@algocfproc=\count282
\c@algocf=\count283
\algocf@algoframe=\box54
\algocf@algobox=\box55
)
("C:\Users\ACE-Desktop\AppData\Local\Programs\MiKTeX 2.9\tex/latex/siunitx\siun
itx.sty"
Package: siunitx 2020/02/20 v2.8 A comprehensive (SI) units package

("C:\Users\ACE-Desktop\AppData\Local\Programs\MiKTeX 2.9\tex/latex/tools\array.
sty"
Package: array 2019/08/31 v2.4l Tabular extension package (FMi)
\col@sep=\dimen178
\ar@mcellbox=\box56
\extrarowheight=\dimen179
\NC@list=\toks24
\extratabsurround=\skip87
\backup@length=\skip88
\ar@cellbox=\box57
)
("C:\Users\ACE-Desktop\AppData\Local\Programs\MiKTeX 2.9\tex/latex/l3packages/l
3keys2e\l3keys2e.sty"
Package: l3keys2e 2020-02-14 LaTeX2e option processing using LaTeX3 keys
)
\l__siunitx_tmp_box=\box58
\l__siunitx_tmp_dim=\dimen180
\l__siunitx_tmp_int=\count284
\l__siunitx_number_mantissa_length_int=\count285
\l__siunitx_number_uncert_length_int=\count286
\l__siunitx_round_int=\count287
\l__siunitx_process_decimal_int=\count288
\l__siunitx_process_uncertainty_int=\count289
\l__siunitx_process_fixed_int=\count290
\l__siunitx_process_integer_min_int=\count291
\l__siunitx_process_precision_int=\count292
\l__siunitx_group_min_int=\count293
\l__siunitx_angle_marker_box=\box59
\l__siunitx_angle_unit_box=\box60
\l__siunitx_angle_marker_dim=\dimen181
\l__siunitx_angle_unit_dim=\dimen182
\l__siunitx_unit_int=\count294
\l__siunitx_unit_denominator_int=\count295
\l__siunitx_unit_numerator_int=\count296
\l__siunitx_unit_prefix_int=\count297
\l__siunitx_unit_prefix_base_int=\count298
\l__siunitx_unit_prefix_gram_int=\count299
\l__siunitx_number_product_int=\count300
\c__siunitx_one_fill_skip=\skip89
\l__siunitx_table_unit_align_skip=\skip90
\l__siunitx_table_exponent_dim=\dimen183
\l__siunitx_table_integer_dim=\dimen184
\l__siunitx_table_mantissa_dim=\dimen185
\l__siunitx_table_marker_dim=\dimen186
\l__siunitx_table_result_dim=\dimen187
\l__siunitx_table_uncert_dim=\dimen188
\l__siunitx_table_fill_pre_dim=\dimen189
\l__siunitx_table_fill_post_dim=\dimen190
\l__siunitx_table_fill_mid_dim=\dimen191
\l__siunitx_table_pre_box=\box61
\l__siunitx_table_post_box=\box62
\l__siunitx_table_mantissa_box=\box63
\l__siunitx_table_result_box=\box64
\l__siunitx_table_number_align_skip=\skip91
\l__siunitx_table_text_align_skip=\skip92

("C:\Users\ACE-Desktop\AppData\Local\Programs\MiKTeX 2.9\tex/latex/translator\t
ranslator.sty"
Package: translator 2019-05-31 v1.12a Easy translation of strings in LaTeX
)) (template.aux)
\openout1 = `template.aux'.

LaTeX Font Info:    Checking defaults for OML/cmm/m/it on input line 57.
LaTeX Font Info:    ... okay on input line 57.
LaTeX Font Info:    Checking defaults for OMS/cmsy/m/n on input line 57.
LaTeX Font Info:    ... okay on input line 57.
LaTeX Font Info:    Checking defaults for OT1/cmr/m/n on input line 57.
LaTeX Font Info:    ... okay on input line 57.
LaTeX Font Info:    Checking defaults for T1/cmr/m/n on input line 57.
LaTeX Font Info:    ... okay on input line 57.
LaTeX Font Info:    Checking defaults for TS1/cmr/m/n on input line 57.
LaTeX Font Info:    ... okay on input line 57.
LaTeX Font Info:    Checking defaults for OMX/cmex/m/n on input line 57.
LaTeX Font Info:    ... okay on input line 57.
LaTeX Font Info:    Checking defaults for U/cmr/m/n on input line 57.
LaTeX Font Info:    ... okay on input line 57.
LaTeX Font Info:    Checking defaults for PD1/pdf/m/n on input line 57.
LaTeX Font Info:    ... okay on input line 57.

*geometry* driver: auto-detecting
*geometry* detected driver: pdftex
*geometry* verbose mode - [ preamble ] result:
* driver: pdftex
* paper: letterpaper
* layout: <same size as paper>
* layoutoffset:(h,v)=(0.0pt,0.0pt)
* modes: 
* h-part:(L,W,R)=(92.14519pt, 430.00462pt, 92.14519pt)
* v-part:(T,H,B)=(95.39737pt, 556.47656pt, 143.09605pt)
* \paperwidth=614.295pt
* \paperheight=794.96999pt
* \textwidth=430.00462pt
* \textheight=556.47656pt
* \oddsidemargin=19.8752pt
* \evensidemargin=19.8752pt
* \topmargin=-13.87262pt
* \headheight=12.0pt
* \headsep=25.0pt
* \topskip=10.0pt
* \footskip=30.0pt
* \marginparwidth=65.0pt
* \marginparsep=11.0pt
* \columnsep=10.0pt
* \skip\footins=9.0pt plus 4.0pt minus 2.0pt
* \hoffset=0.0pt
* \voffset=0.0pt
* \mag=1000
* \@twocolumnfalse
* \@twosidefalse
* \@mparswitchfalse
* \@reversemarginfalse
* (1in=72.27pt=25.4mm, 1cm=28.453pt)

*geometry* verbose mode - [ newgeometry ] result:
* driver: pdftex
* paper: letterpaper
* layout: <same size as paper>
* layoutoffset:(h,v)=(0.0pt,0.0pt)
* modes: 
* h-part:(L,W,R)=(72.27pt, 469.75499pt, 72.27pt)
* v-part:(T,H,B)=(72.26999pt, 650.43pt, 72.27pt)
* \paperwidth=614.295pt
* \paperheight=794.96999pt
* \textwidth=469.75499pt
* \textheight=650.43pt
* \oddsidemargin=0.00002pt
* \evensidemargin=0.00002pt
* \topmargin=-39.0pt
* \headheight=14.0pt
* \headsep=25.0pt
* \topskip=10.0pt
* \footskip=30.0pt
* \marginparwidth=65.0pt
* \marginparsep=11.0pt
* \columnsep=10.0pt
* \skip\footins=9.0pt plus 4.0pt minus 2.0pt
* \hoffset=0.0pt
* \voffset=0.0pt
* \mag=1000
* \@twocolumnfalse
* \@twosidefalse
* \@mparswitchfalse
* \@reversemarginfalse
* (1in=72.27pt=25.4mm, 1cm=28.453pt)

\AtBeginShipoutBox=\box65

("C:\Users\ACE-Desktop\AppData\Local\Programs\MiKTeX 2.9\tex/latex/graphics\col
or.sty"
Package: color 2019/11/23 v1.2a Standard LaTeX Color (DPC)

("C:\Users\ACE-Desktop\AppData\Local\Programs\MiKTeX 2.9\tex/latex/graphics-cfg
\color.cfg"
File: color.cfg 2016/01/02 v1.6 sample color configuration
)
Package color Info: Driver file: pdftex.def on input line 147.
)
Package hyperref Info: Link coloring ON on input line 57.

("C:\Users\ACE-Desktop\AppData\Local\Programs\MiKTeX 2.9\tex/latex/hyperref\nam
eref.sty"
Package: nameref 2019/09/16 v2.46 Cross-referencing by name of section

("C:\Users\ACE-Desktop\AppData\Local\Programs\MiKTeX 2.9\tex/latex/refcount\ref
count.sty"
Package: refcount 2019/12/15 v3.6 Data extraction from label references (HO)
)
("C:\Users\ACE-Desktop\AppData\Local\Programs\MiKTeX 2.9\tex/generic/gettitlest
ring\gettitlestring.sty"
Package: gettitlestring 2019/12/15 v1.6 Cleanup title references (HO)
)
\c@section@level=\count301
)
LaTeX Info: Redefining \ref on input line 57.
LaTeX Info: Redefining \pageref on input line 57.
LaTeX Info: Redefining \nameref on input line 57.
 (template.out) (template.out)
\@outlinefile=\write3
\openout3 = `template.out'.

LaTeX Info: Redefining \microtypecontext on input line 57.
Package microtype Info: Generating PDF output.
Package microtype Info: Character protrusion enabled (level 2).
Package microtype Info: Using default protrusion set `alltext'.
Package microtype Info: Automatic font expansion enabled (level 2),
(microtype)             stretch: 20, shrink: 20, step: 1, non-selected.
Package microtype Info: Using default expansion set `basictext'.
LaTeX Info: Redefining \showhyphens on input line 57.
Package microtype Info: No adjustment of tracking.
Package microtype Info: No adjustment of interword spacing.
Package microtype Info: No adjustment of character kerning.

("C:\Users\ACE-Desktop\AppData\Local\Programs\MiKTeX 2.9\tex/latex/microtype\mt
-ptm.cfg"
File: mt-ptm.cfg 2006/04/20 v1.7 microtype config. file: Times (RS)
)
("C:\Users\ACE-Desktop\AppData\Local\Programs\MiKTeX 2.9\tex/context/base/mkii\
supp-pdf.mkii"
[Loading MPS to PDF converter (version 2006.09.02).]
\scratchcounter=\count302
\scratchdimen=\dimen192
\scratchbox=\box66
\nofMPsegments=\count303
\nofMParguments=\count304
\everyMPshowfont=\toks25
\MPscratchCnt=\count305
\MPscratchDim=\dimen193
\MPnumerator=\count306
\makeMPintoPDFobject=\count307
\everyMPtoPDFconversion=\toks26
)
("C:\Users\ACE-Desktop\AppData\Local\Programs\MiKTeX 2.9\tex/latex/epstopdf-pkg
\epstopdf-base.sty"
Package: epstopdf-base 2020-01-24 v2.11 Base part for package epstopdf
Package epstopdf-base Info: Redefining graphics rule for `.eps' on input line 4
85.
)
("C:\Users\ACE-Desktop\AppData\Local\Programs\MiKTeX 2.9\tex/latex/translator\t
ranslator-basic-dictionary-English.dict"
Dictionary: translator-basic-dictionary, Language: English 
)
("C:\Users\ACE-Desktop\AppData\Local\Programs\MiKTeX 2.9\tex/latex/siunitx\siun
itx-abbreviations.cfg"
File: siunitx-abbreviations.cfg 2017/11/26 v2.7k siunitx: Abbreviated units
)
("C:\Users\ACE-Desktop\AppData\Local\Programs\MiKTeX 2.9\tex/latex/microtype\mt
-cmr.cfg"
File: mt-cmr.cfg 2013/05/19 v2.2 microtype config. file: Computer Modern Roman 
(RS)
)
LaTeX Font Info:    Trying to load font information for U+msa on input line 57.


("C:\Users\ACE-Desktop\AppData\Local\Programs\MiKTeX 2.9\tex/latex/amsfonts\ums
a.fd"
File: umsa.fd 2013/01/14 v3.01 AMS symbols A
)
("C:\Users\ACE-Desktop\AppData\Local\Programs\MiKTeX 2.9\tex/latex/microtype\mt
-msa.cfg"
File: mt-msa.cfg 2006/02/04 v1.1 microtype config. file: AMS symbols (a) (RS)
)
LaTeX Font Info:    Trying to load font information for U+msb on input line 57.


("C:\Users\ACE-Desktop\AppData\Local\Programs\MiKTeX 2.9\tex/latex/amsfonts\ums
b.fd"
File: umsb.fd 2013/01/14 v3.01 AMS symbols B
)
("C:\Users\ACE-Desktop\AppData\Local\Programs\MiKTeX 2.9\tex/latex/microtype\mt
-msb.cfg"
File: mt-msb.cfg 2005/06/01 v1.0 microtype config. file: AMS symbols (b) (RS)
)
Package microtype Info: Loading generic protrusion settings for font family
(microtype)             `cmss' (encoding: OT1).
(microtype)             For optimal results, create family-specific settings.
(microtype)             See the microtype manual for details.
Package microtype Info: Loading generic protrusion settings for font family
(microtype)             `cmtt' (encoding: OT1).
(microtype)             For optimal results, create family-specific settings.
(microtype)             See the microtype manual for details.
LaTeX Font Info:    Trying to load font information for T1+cmtt on input line 5
9.

("C:\Users\ACE-Desktop\AppData\Local\Programs\MiKTeX 2.9\tex/latex/base\t1cmtt.
fd"
File: t1cmtt.fd 2019/12/16 v2.5j Standard LaTeX font definitions
)
Package microtype Info: Loading generic protrusion settings for font family
(microtype)             `cmtt' (encoding: T1).
(microtype)             For optimal results, create family-specific settings.
(microtype)             See the microtype manual for details.
 [1


{C:/Users/ACE-Desktop/AppData/Local/MiKTeX/2.9/pdftex/config/pdftex.map}]
<./images/Travel_Time.pdf, id=124, 578.16pt x 361.35pt>
File: ./images/Travel_Time.pdf Graphic file (type pdf)
<use ./images/Travel_Time.pdf>
Package pdftex.def Info: ./images/Travel_Time.pdf  used on input line 111.
(pdftex.def)             Requested size: 284.52756pt x 177.82945pt.
<./images/ACF_M6_Link3.pdf, id=127, 1156.32pt x 505.89pt>
File: ./images/ACF_M6_Link3.pdf Graphic file (type pdf)
<use ./images/ACF_M6_Link3.pdf>
Package pdftex.def Info: ./images/ACF_M6_Link3.pdf  used on input line 123.
(pdftex.def)             Requested size: 284.52756pt x 124.4806pt.
 [2 <./images/Travel_Time.pdf>]
<./images/EWMA.pdf, id=171, 1156.32pt x 505.89pt>
File: ./images/EWMA.pdf Graphic file (type pdf)
<use ./images/EWMA.pdf>
Package pdftex.def Info: ./images/EWMA.pdf  used on input line 144.
(pdftex.def)             Requested size: 284.52756pt x 124.4806pt.
 [3 <./images/ACF_M6_Link3.pdf> <./images/EWMA.pdf>]
LaTeX Font Info:    Trying to load font information for TS1+ptm on input line 1
63.

("C:\Users\ACE-Desktop\AppData\Local\Programs\MiKTeX 2.9\tex/latex/psnfss\ts1pt
m.fd"
File: ts1ptm.fd 2001/06/04 font definitions for TS1/ptm.
)
<./images/WT_combined_1500_600.png, id=201, 907.59074pt x 361.35pt>
File: ./images/WT_combined_1500_600.png Graphic file (type png)
<use ./images/WT_combined_1500_600.png>
Package pdftex.def Info: ./images/WT_combined_1500_600.png  used on input line 
193.
(pdftex.def)             Requested size: 469.75499pt x 187.0319pt.
 [4]
Underfull \vbox (badness 2334) has occurred while \output is active []

 [5 <./images/WT_combined_1500_600.png>]
<./images/Splitting.png, id=227, 1445.4pt x 726.3135pt>
File: ./images/Splitting.png Graphic file (type png)
<use ./images/Splitting.png>
Package pdftex.def Info: ./images/Splitting.png  used on input line 222.
(pdftex.def)             Requested size: 284.52756pt x 142.9771pt.
 [6 <./images/Splitting.png (PNG copy)>]

pdfTeX warning: pdflatex (file ./images/flow_warp_crop.pdf): PDF inclusion: fou
nd PDF version <1.7>, but at most version <1.5> allowed
<./images/flow_warp_crop.pdf, id=242, 481.67955pt x 383.9946pt>
File: ./images/flow_warp_crop.pdf Graphic file (type pdf)
<use ./images/flow_warp_crop.pdf>
Package pdftex.def Info: ./images/flow_warp_crop.pdf  used on input line 264.
(pdftex.def)             Requested size: 284.52756pt x 226.83023pt.

Overfull \hbox (25.23311pt too wide) in paragraph at lines 280--285
 [] 
 []


Overfull \hbox (25.23311pt too wide) in paragraph at lines 291--296
 [] 
 []

<./images/M6_daytime_8_12.pdf, id=244, 867.24pt x 578.16pt>
File: ./images/M6_daytime_8_12.pdf Graphic file (type pdf)
<use ./images/M6_daytime_8_12.pdf>
Package pdftex.def Info: ./images/M6_daytime_8_12.pdf  used on input line 315.
(pdftex.def)             Requested size: 284.52756pt x 189.68181pt.
<./images/M11_daytime_8_12.pdf, id=245, 867.24pt x 578.16pt>
File: ./images/M11_daytime_8_12.pdf Graphic file (type pdf)
<use ./images/M11_daytime_8_12.pdf>
Package pdftex.def Info: ./images/M11_daytime_8_12.pdf  used on input line 320.

(pdftex.def)             Requested size: 284.52756pt x 189.68181pt.
<./images/M6_quantile_1_ab_8_12.pdf, id=246, 867.24pt x 578.16pt>
File: ./images/M6_quantile_1_ab_8_12.pdf Graphic file (type pdf)
<use ./images/M6_quantile_1_ab_8_12.pdf>
Package pdftex.def Info: ./images/M6_quantile_1_ab_8_12.pdf  used on input line
 325.
(pdftex.def)             Requested size: 284.52756pt x 189.68181pt.
<./images/M11_quantile_1_ab_8_12.pdf, id=247, 867.24pt x 578.16pt>
File: ./images/M11_quantile_1_ab_8_12.pdf Graphic file (type pdf)
<use ./images/M11_quantile_1_ab_8_12.pdf>
Package pdftex.def Info: ./images/M11_quantile_1_ab_8_12.pdf  used on input lin
e 330.
(pdftex.def)             Requested size: 284.52756pt x 189.68181pt.
[7 <./images/flow_warp_crop.pdf>] [8 <./images/M6_daytime_8_12.pdf> <./images/M
11_daytime_8_12.pdf>] [9 <./images/M6_quantile_1_ab_8_12.pdf> <./images/M11_qua
ntile_1_ab_8_12.pdf>] [10] [11]
Package atveryend Info: Empty hook `BeforeClearDocument' on input line 510.
 [12]
Package atveryend Info: Empty hook `AfterLastShipout' on input line 510.
 (template.aux)
Package atveryend Info: Executing hook `AtVeryEndDocument' on input line 510.
Package atveryend Info: Executing hook `AtEndAfterFileList' on input line 510.
Package rerunfilecheck Info: File `template.out' has not changed.
(rerunfilecheck)             Checksum: 151D2EE6EDCC5BA4E59FAB84C7F62936;1398.
Package atveryend Info: Empty hook `AtVeryVeryEnd' on input line 510.
 ) 
Here is how much of TeX's memory you used:
 13283 strings out of 481553
 247464 string characters out of 2911008
 626978 words of memory out of 3000000
 28033 multiletter control sequences out of 15000+200000
 592176 words of font info for 188 fonts, out of 3000000 for 9000
 1141 hyphenation exceptions out of 8191
 38i,13n,49p,494b,826s stack positions out of 5000i,500n,10000p,200000b,50000s
{C:/Users/ACE-Desktop/AppData/Local/Programs/MiKTeX 2.9/fonts/enc/dvips/base/
8r.enc} <C:\Users\ACE-Desktop\AppData\Local\MiKTeX\2.9\fonts/pk/ljfour/jknappen
/ec/dpi600\ectt1000.pk><C:/Users/ACE-Desktop/AppData/Local/Programs/MiKTeX 2.9/
fonts/type1/public/amsfonts/cm/cmex10.pfb><C:/Users/ACE-Desktop/AppData/Local/P
rograms/MiKTeX 2.9/fonts/type1/public/amsfonts/cm/cmmi10.pfb><C:/Users/ACE-Desk
top/AppData/Local/Programs/MiKTeX 2.9/fonts/type1/public/amsfonts/cm/cmmi7.pfb>
<C:/Users/ACE-Desktop/AppData/Local/Programs/MiKTeX 2.9/fonts/type1/public/amsf
onts/cm/cmr10.pfb><C:/Users/ACE-Desktop/AppData/Local/Programs/MiKTeX 2.9/fonts
/type1/public/amsfonts/cm/cmr7.pfb><C:/Users/ACE-Desktop/AppData/Local/Programs
/MiKTeX 2.9/fonts/type1/public/amsfonts/cm/cmsy10.pfb><C:/Users/ACE-Desktop/App
Data/Local/Programs/MiKTeX 2.9/fonts/type1/public/amsfonts/cm/cmsy6.pfb><C:/Use
rs/ACE-Desktop/AppData/Local/Programs/MiKTeX 2.9/fonts/type1/public/amsfonts/cm
/cmsy7.pfb><C:/Users/ACE-Desktop/AppData/Local/Programs/MiKTeX 2.9/fonts/type1/
urw/times/utmb8a.pfb><C:/Users/ACE-Desktop/AppData/Local/Programs/MiKTeX 2.9/fo
nts/type1/urw/times/utmr8a.pfb><C:/Users/ACE-Desktop/AppData/Local/Programs/MiK
TeX 2.9/fonts/type1/urw/times/utmri8a.pfb>
Output written on template.pdf (12 pages, 2031466 bytes).
PDF statistics:
 408 PDF objects out of 1000 (max. 8388607)
 88 named destinations out of 1000 (max. 500000)
 35027 words of extra memory for PDF output out of 35830 (max. 10000000)

