\BOOKMARK [1][-]{section.1}{Introduction}{}% 1
\BOOKMARK [2][-]{subsection.1.1}{Background}{section.1}% 2
\BOOKMARK [2][-]{subsection.1.2}{Previous Work}{section.1}% 3
\BOOKMARK [1][-]{section.2}{Travel times in Motorways}{}% 4
\BOOKMARK [1][-]{section.3}{Basic methods for profile estimation}{}% 5
\BOOKMARK [2][-]{subsection.3.1}{Exponentially Weighted Moving Average for Profiles}{section.3}% 6
\BOOKMARK [2][-]{subsection.3.2}{Time-based Segmentation}{section.3}% 7
\BOOKMARK [1][-]{section.4}{Data Selection and Contents}{}% 8
\BOOKMARK [1][-]{section.5}{Background and Spikes}{}% 9
\BOOKMARK [2][-]{subsection.5.1}{Characteristics}{section.5}% 10
\BOOKMARK [2][-]{subsection.5.2}{Wavelet Time Series Decomposition}{section.5}% 11
\BOOKMARK [2][-]{subsection.5.3}{Series recombination and analysis of background}{section.5}% 12
\BOOKMARK [1][-]{section.6}{WARP Travel Time Prediction Algorithm}{}% 13
\BOOKMARK [2][-]{subsection.6.1}{WARP: Spectral Component}{section.6}% 14
\BOOKMARK [2][-]{subsection.6.2}{WARP: Seasonal Component}{section.6}% 15
\BOOKMARK [2][-]{subsection.6.3}{WARP Hybrid Profile}{section.6}% 16
\BOOKMARK [1][-]{section.7}{WARP model validation}{}% 17
\BOOKMARK [2][-]{subsection.7.1}{Simple Segmentation - null model}{section.7}% 18
\BOOKMARK [2][-]{subsection.7.2}{Out-of-sample validation}{section.7}% 19
\BOOKMARK [1][-]{section.8}{Conclusion and Future Work}{}% 20
